<?xml version="1.0" encoding="UTF-8"?>
<!-- Generated by org.testng.reporters.JUnitXMLReporter -->
<testsuite ignored="0" hostname="DESKTOP-N8BIK59" failures="0" tests="10" name="Test" time="189.416" errors="0" timestamp="2025-06-24T17:42:35 IST">
  <testcase classname="Amazon_pacakge.Amazon_project.Test_1_Createnewuser" name="loginsuccesful" time="8.154"/>
  <testcase classname="Amazon_pacakge.Amazon_project.Test_2_Loginwithvaliddetails" name="sucsessfulloginwithrightdetails" time="4.278">
    <skipped/>
  </testcase> <!-- sucsessfulloginwithrightdetails -->
  <testcase classname="Amazon_pacakge.Amazon_project.Test_2_Loginwithvaliddetails" name="sucsessfulloginwithrightdetails" time="5.762"/>
  <testcase classname="Amazon_pacakge.Amazon_project.Test_3_Invalidetails" name="wrongdetails" time="4.877"/>
  <testcase classname="Amazon_pacakge.Amazon_project.Test_4_Execution_Editprofile" name="editprofile" time="12.709"/>
  <testcase classname="Amazon_pacakge.Amazon_project.Test_5_Execution_searchingproduct" name="addtocart" time="13.657"/>
  <testcase classname="Amazon_pacakge.Amazon_project.Tase_9_Addtocart" name="addtocart" time="16.445"/>
  <testcase classname="Amazon_pacakge.Amazon_project.Test_10_Updatequantity" name="addtocart" time="19.244"/>
  <testcase classname="Amazon_pacakge.Amazon_project.Test_11_addpayment" name="addpayment" time="19.118"/>
  <testcase classname="Amazon_pacakge.Amazon_project.Test_15_addtocartwithoutlogin" name="addtocartnologin" time="8.633"/>
</testsuite> <!-- Test -->
