<?xml version="1.0" encoding="UTF-8"?>
<!-- Generated by org.testng.reporters.JUnitXMLReporter -->
<testsuite ignored="0" hostname="DESKTOP-N8BIK59" failures="0" tests="9" name="Test" time="196.371" errors="0" timestamp="2025-06-24T19:51:14 IST">
  <testcase classname="Amazon_pacakge.Amazon_project.Test_1_Createnewuser" name="loginsuccesful" time="7.227"/>
  <testcase classname="Amazon_pacakge.Amazon_project.Test_2_Loginwithvaliddetails" name="sucsessfulloginwithrightdetails" time="3.685">
    <skipped/>
  </testcase> <!-- sucsessfulloginwithrightdetails -->
  <testcase classname="Amazon_pacakge.Amazon_project.Test_2_Loginwithvaliddetails" name="sucsessfulloginwithrightdetails" time="8.063"/>
  <testcase classname="Amazon_pacakge.Amazon_project.Test_4_Execution_Editprofile" name="editprofile" time="14.51"/>
  <testcase classname="Amazon_pacakge.Amazon_project.Test_5_Execution_searchingproduct" name="addtocart" time="13.058"/>
  <testcase classname="Amazon_pacakge.Amazon_project.Tase_9_Addtocart" name="addtocart" time="18.688"/>
  <testcase classname="Amazon_pacakge.Amazon_project.Test_10_Updatequantity" name="addtocart" time="19.742"/>
  <testcase classname="Amazon_pacakge.Amazon_project.Test_11_addpayment" name="addpayment" time="21.032"/>
  <testcase classname="Amazon_pacakge.Amazon_project.Test_15_addtocartwithoutlogin" name="addtocartnologin" time="8.569"/>
</testsuite> <!-- Test -->
