<?xml version="1.0" encoding="UTF-8"?>
<testng-results retried="1" ignored="1" total="10" passed="8" failed="0" skipped="0">
  <reporter-output>
    <line>
      <![CDATA[Successfully done to account]]>
    </line>
    <line>
      <![CDATA[successful done step 3]]>
    </line>
    <line>
      <![CDATA[signin new user]]>
    </line>
    <line>
      <![CDATA[Enter the username]]>
    </line>
    <line>
      <![CDATA[Cliking continue]]>
    </line>
    <line>
      <![CDATA[Successful signin1]]>
    </line>
    <line>
      <![CDATA[Successful signin1]]>
    </line>
    <line>
      <![CDATA[Successful signin1]]>
    </line>
    <line>
      <![CDATA[Successfully close]]>
    </line>
    <line>
      <![CDATA[Successfully done to account]]>
    </line>
    <line>
      <![CDATA[successful done step 3]]>
    </line>
    <line>
      <![CDATA[Successful signin1]]>
    </line>
    <line>
      <![CDATA[Enter the username]]>
    </line>
    <line>
      <![CDATA[Cliking continue]]>
    </line>
    <line>
      <![CDATA[Successfully close]]>
    </line>
    <line>
      <![CDATA[Successfully done to account]]>
    </line>
    <line>
      <![CDATA[successful done step 3]]>
    </line>
    <line>
      <![CDATA[Successful signin1]]>
    </line>
    <line>
      <![CDATA[Enter the username]]>
    </line>
    <line>
      <![CDATA[Cliking continue]]>
    </line>
    <line>
      <![CDATA[Enter the username]]>
    </line>
    <line>
      <![CDATA[Successful login in]]>
    </line>
    <line>
      <![CDATA[Successfully close]]>
    </line>
    <line>
      <![CDATA[Successfully done to account]]>
    </line>
    <line>
      <![CDATA[successful done step 3]]>
    </line>
    <line>
      <![CDATA[Enter the username]]>
    </line>
    <line>
      <![CDATA[Cliking continue]]>
    </line>
    <line>
      <![CDATA[Enter the username]]>
    </line>
    <line>
      <![CDATA[Successful login in]]>
    </line>
    <line>
      <![CDATA[click on editing]]>
    </line>
    <line>
      <![CDATA[Successfully editing]]>
    </line>
    <line>
      <![CDATA[save changes]]>
    </line>
    <line>
      <![CDATA[Successfully close]]>
    </line>
    <line>
      <![CDATA[Successfully done to account]]>
    </line>
    <line>
      <![CDATA[successful done step 3]]>
    </line>
    <line>
      <![CDATA[Successful signin1]]>
    </line>
    <line>
      <![CDATA[Enter the username]]>
    </line>
    <line>
      <![CDATA[Cliking continue]]>
    </line>
    <line>
      <![CDATA[Entering password]]>
    </line>
    <line>
      <![CDATA[Successful login in]]>
    </line>
    <line>
      <![CDATA[Successfully close]]>
    </line>
    <line>
      <![CDATA[Successfully done to account]]>
    </line>
    <line>
      <![CDATA[successful done step 3]]>
    </line>
    <line>
      <![CDATA[Successful signin1]]>
    </line>
    <line>
      <![CDATA[Enter the username]]>
    </line>
    <line>
      <![CDATA[Cliking continue]]>
    </line>
    <line>
      <![CDATA[Enter the username]]>
    </line>
    <line>
      <![CDATA[Successful login in]]>
    </line>
    <line>
      <![CDATA[Successfully close]]>
    </line>
    <line>
      <![CDATA[Successfully done to account]]>
    </line>
    <line>
      <![CDATA[successful done step 3]]>
    </line>
    <line>
      <![CDATA[Successful signin1]]>
    </line>
    <line>
      <![CDATA[Enter the username]]>
    </line>
    <line>
      <![CDATA[Cliking continue]]>
    </line>
    <line>
      <![CDATA[Enter the username]]>
    </line>
    <line>
      <![CDATA[Successful login in]]>
    </line>
    <line>
      <![CDATA[Successfully close]]>
    </line>
    <line>
      <![CDATA[Successfully done to account]]>
    </line>
    <line>
      <![CDATA[successful done step 3]]>
    </line>
    <line>
      <![CDATA[Successful signin1]]>
    </line>
    <line>
      <![CDATA[Enter the username]]>
    </line>
    <line>
      <![CDATA[Cliking continue]]>
    </line>
    <line>
      <![CDATA[Enter the username]]>
    </line>
    <line>
      <![CDATA[Successful login in]]>
    </line>
    <line>
      <![CDATA[Successfully close]]>
    </line>
    <line>
      <![CDATA[Successfully done to account]]>
    </line>
    <line>
      <![CDATA[Successfully close]]>
    </line>
  </reporter-output>
  <suite started-at="2025-06-24T19:47:57 IST" name="Suite" finished-at="2025-06-24T19:51:14 IST" duration-ms="196371">
    <groups>
    </groups>
    <test started-at="2025-06-24T19:47:57 IST" name="Test" finished-at="2025-06-24T19:51:14 IST" duration-ms="196371">
      <class name="Amazon_pacakge.Amazon_project.Test_15_addtocartwithoutlogin">
        <test-method is-config="true" signature="login_in()[pri:0, instance:Amazon_pacakge.Amazon_project.Test_15_addtocartwithoutlogin@1d2adfbe]" started-at="2025-06-24T19:50:58 IST" name="login_in" finished-at="2025-06-24T19:51:05 IST" duration-ms="6528" status="PASS">
          <reporter-output>
            <line>
              <![CDATA[Successfully done to account]]>
            </line>
          </reporter-output>
        </test-method> <!-- login_in -->
        <test-method signature="addtocartnologin()[pri:0, instance:Amazon_pacakge.Amazon_project.Test_15_addtocartwithoutlogin@1d2adfbe]" started-at="2025-06-24T19:51:05 IST" name="addtocartnologin" finished-at="2025-06-24T19:51:13 IST" duration-ms="8569" status="PASS">
          <reporter-output>
          </reporter-output>
        </test-method> <!-- addtocartnologin -->
        <test-method is-config="true" signature="log_out()[pri:0, instance:Amazon_pacakge.Amazon_project.Test_15_addtocartwithoutlogin@1d2adfbe]" started-at="2025-06-24T19:51:14 IST" name="log_out" finished-at="2025-06-24T19:51:14 IST" duration-ms="219" status="PASS">
          <reporter-output>
            <line>
              <![CDATA[Successfully close]]>
            </line>
          </reporter-output>
        </test-method> <!-- log_out -->
      </class> <!-- Amazon_pacakge.Amazon_project.Test_15_addtocartwithoutlogin -->
      <class name="Amazon_pacakge.Amazon_project.Test_2_Loginwithvaliddetails">
        <test-method is-config="true" signature="login_in()[pri:0, instance:Amazon_pacakge.Amazon_project.Test_2_Loginwithvaliddetails@7e07db1f]" started-at="2025-06-24T19:48:17 IST" name="login_in" finished-at="2025-06-24T19:48:25 IST" duration-ms="8468" status="PASS">
          <reporter-output>
            <line>
              <![CDATA[Successfully done to account]]>
            </line>
          </reporter-output>
        </test-method> <!-- login_in -->
        <test-method retried="true" signature="sucsessfulloginwithrightdetails(java.lang.String,java.lang.String)[pri:0, instance:Amazon_pacakge.Amazon_project.Test_2_Loginwithvaliddetails@7e07db1f]" started-at="2025-06-24T19:48:25 IST" name="sucsessfulloginwithrightdetails" data-provider="data" finished-at="2025-06-24T19:48:29 IST" duration-ms="3685" status="SKIP">
          <params>
            <param index="0">
              <value>
                <![CDATA[7066328484]]>
              </value>
            </param>
            <param index="1">
              <value>
                <![CDATA[kalyani@90]]>
              </value>
            </param>
          </params>
          <exception class="org.openqa.selenium.StaleElementReferenceException">
            <message>
              <![CDATA[stale element reference: stale element not found
  (Session info: MicrosoftEdge=137.0.3296.83)
For documentation on this error, please visit: https://www.selenium.dev/documentation/webdriver/troubleshooting/errors#stale-element-reference-exception
Build info: version: '4.32.0', revision: 'd17c8aa950'
System info: os.name: 'Windows 10', os.arch: 'amd64', os.version: '10.0', java.version: '17.0.9'
Driver info: org.openqa.selenium.edge.EdgeDriver
Command: [af7dadb53354a7107dfaed6c57d9e7dd, isElementDisplayed {id=f.ACD7D7AC4B7CDE407D4D66A2798862CA.d.57BE56AC794EFCA5981162D19168AD33.e.158}]
Capabilities {acceptInsecureCerts: false, browserName: MicrosoftEdge, browserVersion: 137.0.3296.83, fedcm:accounts: true, ms:edgeOptions: {debuggerAddress: localhost:63895}, msedge: {msedgedriverVersion: 137.0.3296.93 (114b4a913acd..., userDataDir: C:\Users\DELL\AppData\Local...}, networkConnectionEnabled: false, pageLoadStrategy: normal, platformName: windows, proxy: Proxy(), se:cdp: ws://localhost:63895/devtoo..., se:cdpVersion: 137.0.3296.83, setWindowRect: true, strictFileInteractability: false, timeouts: {implicit: 0, pageLoad: 300000, script: 30000}, unhandledPromptBehavior: dismiss and notify, webauthn:extension:credBlob: true, webauthn:extension:largeBlob: true, webauthn:extension:minPinLength: true, webauthn:extension:prf: true, webauthn:virtualAuthenticators: true}
Element: [[EdgeDriver: MicrosoftEdge on windows (af7dadb53354a7107dfaed6c57d9e7dd)] -> xpath: //input[@type='password']]
Session ID: af7dadb53354a7107dfaed6c57d9e7dd]]>
            </message>
            <full-stacktrace>
              <![CDATA[org.openqa.selenium.StaleElementReferenceException: stale element reference: stale element not found
  (Session info: MicrosoftEdge=137.0.3296.83)
For documentation on this error, please visit: https://www.selenium.dev/documentation/webdriver/troubleshooting/errors#stale-element-reference-exception
Build info: version: '4.32.0', revision: 'd17c8aa950'
System info: os.name: 'Windows 10', os.arch: 'amd64', os.version: '10.0', java.version: '17.0.9'
Driver info: org.openqa.selenium.edge.EdgeDriver
Command: [af7dadb53354a7107dfaed6c57d9e7dd, isElementDisplayed {id=f.ACD7D7AC4B7CDE407D4D66A2798862CA.d.57BE56AC794EFCA5981162D19168AD33.e.158}]
Capabilities {acceptInsecureCerts: false, browserName: MicrosoftEdge, browserVersion: 137.0.3296.83, fedcm:accounts: true, ms:edgeOptions: {debuggerAddress: localhost:63895}, msedge: {msedgedriverVersion: 137.0.3296.93 (114b4a913acd..., userDataDir: C:\Users\DELL\AppData\Local...}, networkConnectionEnabled: false, pageLoadStrategy: normal, platformName: windows, proxy: Proxy(), se:cdp: ws://localhost:63895/devtoo..., se:cdpVersion: 137.0.3296.83, setWindowRect: true, strictFileInteractability: false, timeouts: {implicit: 0, pageLoad: 300000, script: 30000}, unhandledPromptBehavior: dismiss and notify, webauthn:extension:credBlob: true, webauthn:extension:largeBlob: true, webauthn:extension:minPinLength: true, webauthn:extension:prf: true, webauthn:virtualAuthenticators: true}
Element: [[EdgeDriver: MicrosoftEdge on windows (af7dadb53354a7107dfaed6c57d9e7dd)] -> xpath: //input[@type='password']]
Session ID: af7dadb53354a7107dfaed6c57d9e7dd
at java.base/jdk.internal.reflect.NativeConstructorAccessorImpl.newInstance0(Native Method)
at java.base/jdk.internal.reflect.NativeConstructorAccessorImpl.newInstance(NativeConstructorAccessorImpl.java:77)
at java.base/jdk.internal.reflect.DelegatingConstructorAccessorImpl.newInstance(DelegatingConstructorAccessorImpl.java:45)
at java.base/java.lang.reflect.Constructor.newInstanceWithCaller(Constructor.java:499)
at java.base/java.lang.reflect.Constructor.newInstance(Constructor.java:480)
at org.openqa.selenium.remote.ErrorCodec.decode(ErrorCodec.java:167)
at org.openqa.selenium.remote.codec.w3c.W3CHttpResponseCodec.decode(W3CHttpResponseCodec.java:138)
at org.openqa.selenium.remote.codec.w3c.W3CHttpResponseCodec.decode(W3CHttpResponseCodec.java:50)
at org.openqa.selenium.remote.HttpCommandExecutor.execute(HttpCommandExecutor.java:215)
at org.openqa.selenium.remote.service.DriverCommandExecutor.invokeExecute(DriverCommandExecutor.java:216)
at org.openqa.selenium.remote.service.DriverCommandExecutor.execute(DriverCommandExecutor.java:174)
at org.openqa.selenium.remote.RemoteWebDriver.execute(RemoteWebDriver.java:545)
at org.openqa.selenium.remote.RemoteWebElement.execute(RemoteWebElement.java:223)
at org.openqa.selenium.remote.RemoteWebElement.isDisplayed(RemoteWebElement.java:282)
at java.base/jdk.internal.reflect.NativeMethodAccessorImpl.invoke0(Native Method)
at java.base/jdk.internal.reflect.NativeMethodAccessorImpl.invoke(NativeMethodAccessorImpl.java:77)
at java.base/jdk.internal.reflect.DelegatingMethodAccessorImpl.invoke(DelegatingMethodAccessorImpl.java:43)
at java.base/java.lang.reflect.Method.invoke(Method.java:568)
at org.openqa.selenium.support.pagefactory.internal.LocatingElementHandler.invoke(LocatingElementHandler.java:51)
at jdk.proxy2/jdk.proxy2.$Proxy12.isDisplayed(Unknown Source)
at Amazon_pacakge.Amazon_project.Homepage.continebtn(Homepage.java:62)
at Amazon_pacakge.Amazon_project.Test_2_Loginwithvaliddetails.sucsessfulloginwithrightdetails(Test_2_Loginwithvaliddetails.java:43)
at java.base/jdk.internal.reflect.NativeMethodAccessorImpl.invoke0(Native Method)
at java.base/jdk.internal.reflect.NativeMethodAccessorImpl.invoke(NativeMethodAccessorImpl.java:77)
at java.base/jdk.internal.reflect.DelegatingMethodAccessorImpl.invoke(DelegatingMethodAccessorImpl.java:43)
at java.base/java.lang.reflect.Method.invoke(Method.java:568)
at org.testng.internal.invokers.MethodInvocationHelper.invokeMethod(MethodInvocationHelper.java:141)
at org.testng.internal.invokers.TestInvoker.invokeMethod(TestInvoker.java:686)
at org.testng.internal.invokers.TestInvoker.invokeTestMethod(TestInvoker.java:230)
at org.testng.internal.invokers.MethodRunner.runInSequence(MethodRunner.java:63)
at org.testng.internal.invokers.TestInvoker$MethodInvocationAgent.invoke(TestInvoker.java:992)
at org.testng.internal.invokers.TestInvoker.invokeTestMethods(TestInvoker.java:203)
at org.testng.internal.invokers.TestMethodWorker.invokeTestMethods(TestMethodWorker.java:154)
at org.testng.internal.invokers.TestMethodWorker.run(TestMethodWorker.java:134)
at java.base/java.util.ArrayList.forEach(ArrayList.java:1511)
at org.testng.TestRunner.privateRun(TestRunner.java:739)
at org.testng.TestRunner.run(TestRunner.java:614)
at org.testng.SuiteRunner.runTest(SuiteRunner.java:421)
at org.testng.SuiteRunner.runSequentially(SuiteRunner.java:413)
at org.testng.SuiteRunner.privateRun(SuiteRunner.java:373)
at org.testng.SuiteRunner.run(SuiteRunner.java:312)
at org.testng.SuiteRunnerWorker.runSuite(SuiteRunnerWorker.java:52)
at org.testng.SuiteRunnerWorker.run(SuiteRunnerWorker.java:95)
at org.testng.TestNG.runSuitesSequentially(TestNG.java:1274)
at org.testng.TestNG.runSuitesLocally(TestNG.java:1208)
at org.testng.TestNG.runSuites(TestNG.java:1112)
at org.testng.TestNG.run(TestNG.java:1079)
at org.apache.maven.surefire.testng.TestNGExecutor.run(TestNGExecutor.java:308)
at org.apache.maven.surefire.testng.TestNGXmlTestSuite.execute(TestNGXmlTestSuite.java:71)
at org.apache.maven.surefire.testng.TestNGProvider.invoke(TestNGProvider.java:113)
at org.apache.maven.surefire.booter.ForkedBooter.runSuitesInProcess(ForkedBooter.java:385)
at org.apache.maven.surefire.booter.ForkedBooter.execute(ForkedBooter.java:162)
at org.apache.maven.surefire.booter.ForkedBooter.run(ForkedBooter.java:507)
at org.apache.maven.surefire.booter.ForkedBooter.main(ForkedBooter.java:495)
]]>
            </full-stacktrace>
          </exception> <!-- org.openqa.selenium.StaleElementReferenceException -->
          <reporter-output>
            <line>
              <![CDATA[successful done step 3]]>
            </line>
            <line>
              <![CDATA[Successful signin1]]>
            </line>
            <line>
              <![CDATA[Enter the username]]>
            </line>
            <line>
              <![CDATA[Cliking continue]]>
            </line>
          </reporter-output>
        </test-method> <!-- sucsessfulloginwithrightdetails -->
        <test-method is-config="true" signature="log_out()[pri:0, instance:Amazon_pacakge.Amazon_project.Test_2_Loginwithvaliddetails@7e07db1f]" started-at="2025-06-24T19:48:29 IST" name="log_out" finished-at="2025-06-24T19:48:29 IST" duration-ms="181" status="PASS">
          <reporter-output>
            <line>
              <![CDATA[Successfully close]]>
            </line>
          </reporter-output>
        </test-method> <!-- log_out -->
        <test-method is-config="true" signature="login_in()[pri:0, instance:Amazon_pacakge.Amazon_project.Test_2_Loginwithvaliddetails@7e07db1f]" started-at="2025-06-24T19:48:29 IST" name="login_in" finished-at="2025-06-24T19:48:37 IST" duration-ms="8340" status="PASS">
          <reporter-output>
            <line>
              <![CDATA[Successfully done to account]]>
            </line>
          </reporter-output>
        </test-method> <!-- login_in -->
        <test-method signature="sucsessfulloginwithrightdetails(java.lang.String,java.lang.String)[pri:0, instance:Amazon_pacakge.Amazon_project.Test_2_Loginwithvaliddetails@7e07db1f]" started-at="2025-06-24T19:48:37 IST" name="sucsessfulloginwithrightdetails" data-provider="data" finished-at="2025-06-24T19:48:45 IST" duration-ms="8063" status="PASS">
          <params>
            <param index="0">
              <value>
                <![CDATA[7066328484]]>
              </value>
            </param>
            <param index="1">
              <value>
                <![CDATA[kalyani@90]]>
              </value>
            </param>
          </params>
          <reporter-output>
            <line>
              <![CDATA[successful done step 3]]>
            </line>
            <line>
              <![CDATA[Successful signin1]]>
            </line>
            <line>
              <![CDATA[Enter the username]]>
            </line>
            <line>
              <![CDATA[Cliking continue]]>
            </line>
            <line>
              <![CDATA[Enter the username]]>
            </line>
            <line>
              <![CDATA[Successful login in]]>
            </line>
          </reporter-output>
        </test-method> <!-- sucsessfulloginwithrightdetails -->
        <test-method is-config="true" signature="log_out()[pri:0, instance:Amazon_pacakge.Amazon_project.Test_2_Loginwithvaliddetails@7e07db1f]" started-at="2025-06-24T19:48:46 IST" name="log_out" finished-at="2025-06-24T19:48:46 IST" duration-ms="185" status="PASS">
          <reporter-output>
            <line>
              <![CDATA[Successfully close]]>
            </line>
          </reporter-output>
        </test-method> <!-- log_out -->
      </class> <!-- Amazon_pacakge.Amazon_project.Test_2_Loginwithvaliddetails -->
      <class name="Amazon_pacakge.Amazon_project.Test_11_addpayment">
        <test-method is-config="true" signature="login_in()[pri:0, instance:Amazon_pacakge.Amazon_project.Test_11_addpayment@49ec71f8]" started-at="2025-06-24T19:50:29 IST" name="login_in" finished-at="2025-06-24T19:50:37 IST" duration-ms="7342" status="PASS">
          <reporter-output>
            <line>
              <![CDATA[Successfully done to account]]>
            </line>
          </reporter-output>
        </test-method> <!-- login_in -->
        <test-method signature="addpayment(java.lang.String,java.lang.String)[pri:0, instance:Amazon_pacakge.Amazon_project.Test_11_addpayment@49ec71f8]" started-at="2025-06-24T19:50:37 IST" name="addpayment" data-provider="data" finished-at="2025-06-24T19:50:58 IST" duration-ms="21032" status="PASS">
          <params>
            <param index="0">
              <value>
                <![CDATA[7066328484]]>
              </value>
            </param>
            <param index="1">
              <value>
                <![CDATA[kalyani@90]]>
              </value>
            </param>
          </params>
          <reporter-output>
            <line>
              <![CDATA[successful done step 3]]>
            </line>
            <line>
              <![CDATA[Successful signin1]]>
            </line>
            <line>
              <![CDATA[Enter the username]]>
            </line>
            <line>
              <![CDATA[Cliking continue]]>
            </line>
            <line>
              <![CDATA[Enter the username]]>
            </line>
            <line>
              <![CDATA[Successful login in]]>
            </line>
          </reporter-output>
        </test-method> <!-- addpayment -->
        <test-method is-config="true" signature="log_out()[pri:0, instance:Amazon_pacakge.Amazon_project.Test_11_addpayment@49ec71f8]" started-at="2025-06-24T19:50:58 IST" name="log_out" finished-at="2025-06-24T19:50:58 IST" duration-ms="165" status="PASS">
          <reporter-output>
            <line>
              <![CDATA[Successfully close]]>
            </line>
          </reporter-output>
        </test-method> <!-- log_out -->
      </class> <!-- Amazon_pacakge.Amazon_project.Test_11_addpayment -->
      <class name="Amazon_pacakge.Amazon_project.Test_5_Execution_searchingproduct">
        <test-method is-config="true" signature="login_in()[pri:0, instance:Amazon_pacakge.Amazon_project.Test_5_Execution_searchingproduct@36bc55de]" started-at="2025-06-24T19:49:10 IST" name="login_in" finished-at="2025-06-24T19:49:18 IST" duration-ms="8145" status="PASS">
          <reporter-output>
            <line>
              <![CDATA[Successfully done to account]]>
            </line>
          </reporter-output>
        </test-method> <!-- login_in -->
        <test-method signature="addtocart()[pri:0, instance:Amazon_pacakge.Amazon_project.Test_5_Execution_searchingproduct@36bc55de]" started-at="2025-06-24T19:49:18 IST" name="addtocart" finished-at="2025-06-24T19:49:31 IST" duration-ms="13058" status="PASS">
          <reporter-output>
            <line>
              <![CDATA[successful done step 3]]>
            </line>
            <line>
              <![CDATA[Successful signin1]]>
            </line>
            <line>
              <![CDATA[Enter the username]]>
            </line>
            <line>
              <![CDATA[Cliking continue]]>
            </line>
            <line>
              <![CDATA[Entering password]]>
            </line>
            <line>
              <![CDATA[Successful login in]]>
            </line>
          </reporter-output>
        </test-method> <!-- addtocart -->
        <test-method is-config="true" signature="log_out()[pri:0, instance:Amazon_pacakge.Amazon_project.Test_5_Execution_searchingproduct@36bc55de]" started-at="2025-06-24T19:49:32 IST" name="log_out" finished-at="2025-06-24T19:49:33 IST" duration-ms="684" status="PASS">
          <reporter-output>
            <line>
              <![CDATA[Successfully close]]>
            </line>
          </reporter-output>
        </test-method> <!-- log_out -->
      </class> <!-- Amazon_pacakge.Amazon_project.Test_5_Execution_searchingproduct -->
      <class name="Amazon_pacakge.Amazon_project.Test_4_Execution_Editprofile">
        <test-method is-config="true" signature="login_in()[pri:0, instance:Amazon_pacakge.Amazon_project.Test_4_Execution_Editprofile@1189dd52]" started-at="2025-06-24T19:48:46 IST" name="login_in" finished-at="2025-06-24T19:48:55 IST" duration-ms="8304" status="PASS">
          <reporter-output>
            <line>
              <![CDATA[Successfully done to account]]>
            </line>
          </reporter-output>
        </test-method> <!-- login_in -->
        <test-method signature="editprofile(java.lang.String,java.lang.String)[pri:0, instance:Amazon_pacakge.Amazon_project.Test_4_Execution_Editprofile@1189dd52]" started-at="2025-06-24T19:48:55 IST" name="editprofile" data-provider="data" finished-at="2025-06-24T19:49:09 IST" duration-ms="14510" status="PASS">
          <params>
            <param index="0">
              <value>
                <![CDATA[7066328484]]>
              </value>
            </param>
            <param index="1">
              <value>
                <![CDATA[kalyani@90]]>
              </value>
            </param>
          </params>
          <reporter-output>
            <line>
              <![CDATA[successful done step 3]]>
            </line>
            <line>
              <![CDATA[Enter the username]]>
            </line>
            <line>
              <![CDATA[Cliking continue]]>
            </line>
            <line>
              <![CDATA[Enter the username]]>
            </line>
            <line>
              <![CDATA[Successful login in]]>
            </line>
            <line>
              <![CDATA[click on editing]]>
            </line>
            <line>
              <![CDATA[Successfully editing]]>
            </line>
            <line>
              <![CDATA[save changes]]>
            </line>
          </reporter-output>
        </test-method> <!-- editprofile -->
        <test-method is-config="true" signature="log_out()[pri:0, instance:Amazon_pacakge.Amazon_project.Test_4_Execution_Editprofile@1189dd52]" started-at="2025-06-24T19:49:09 IST" name="log_out" finished-at="2025-06-24T19:49:10 IST" duration-ms="252" status="PASS">
          <reporter-output>
            <line>
              <![CDATA[Successfully close]]>
            </line>
          </reporter-output>
        </test-method> <!-- log_out -->
      </class> <!-- Amazon_pacakge.Amazon_project.Test_4_Execution_Editprofile -->
      <class name="Amazon_pacakge.Amazon_project.Test_10_Updatequantity">
        <test-method is-config="true" signature="login_in()[pri:0, instance:Amazon_pacakge.Amazon_project.Test_10_Updatequantity@16d04d3d]" started-at="2025-06-24T19:50:01 IST" name="login_in" finished-at="2025-06-24T19:50:09 IST" duration-ms="8514" status="PASS">
          <reporter-output>
            <line>
              <![CDATA[Successfully done to account]]>
            </line>
          </reporter-output>
        </test-method> <!-- login_in -->
        <test-method signature="addtocart(java.lang.String,java.lang.String)[pri:0, instance:Amazon_pacakge.Amazon_project.Test_10_Updatequantity@16d04d3d]" started-at="2025-06-24T19:50:09 IST" name="addtocart" data-provider="data" finished-at="2025-06-24T19:50:29 IST" duration-ms="19742" status="PASS">
          <params>
            <param index="0">
              <value>
                <![CDATA[7066328484]]>
              </value>
            </param>
            <param index="1">
              <value>
                <![CDATA[kalyani@90]]>
              </value>
            </param>
          </params>
          <reporter-output>
            <line>
              <![CDATA[successful done step 3]]>
            </line>
            <line>
              <![CDATA[Successful signin1]]>
            </line>
            <line>
              <![CDATA[Enter the username]]>
            </line>
            <line>
              <![CDATA[Cliking continue]]>
            </line>
            <line>
              <![CDATA[Enter the username]]>
            </line>
            <line>
              <![CDATA[Successful login in]]>
            </line>
          </reporter-output>
        </test-method> <!-- addtocart -->
        <test-method is-config="true" signature="log_out()[pri:0, instance:Amazon_pacakge.Amazon_project.Test_10_Updatequantity@16d04d3d]" started-at="2025-06-24T19:50:29 IST" name="log_out" finished-at="2025-06-24T19:50:29 IST" duration-ms="171" status="PASS">
          <reporter-output>
            <line>
              <![CDATA[Successfully close]]>
            </line>
          </reporter-output>
        </test-method> <!-- log_out -->
      </class> <!-- Amazon_pacakge.Amazon_project.Test_10_Updatequantity -->
      <class name="Amazon_pacakge.Amazon_project.Test_1_Createnewuser">
        <test-method is-config="true" signature="login_in()[pri:0, instance:Amazon_pacakge.Amazon_project.Test_1_Createnewuser@158da8e]" started-at="2025-06-24T19:47:57 IST" name="login_in" finished-at="2025-06-24T19:48:07 IST" duration-ms="9909" status="PASS">
          <reporter-output>
            <line>
              <![CDATA[Successfully done to account]]>
            </line>
          </reporter-output>
        </test-method> <!-- login_in -->
        <test-method signature="loginsuccesful()[pri:0, instance:Amazon_pacakge.Amazon_project.Test_1_Createnewuser@158da8e]" started-at="2025-06-24T19:48:07 IST" name="loginsuccesful" finished-at="2025-06-24T19:48:15 IST" duration-ms="7227" status="PASS">
          <reporter-output>
            <line>
              <![CDATA[successful done step 3]]>
            </line>
            <line>
              <![CDATA[signin new user]]>
            </line>
            <line>
              <![CDATA[Enter the username]]>
            </line>
            <line>
              <![CDATA[Cliking continue]]>
            </line>
            <line>
              <![CDATA[Successful signin1]]>
            </line>
            <line>
              <![CDATA[Successful signin1]]>
            </line>
            <line>
              <![CDATA[Successful signin1]]>
            </line>
          </reporter-output>
        </test-method> <!-- loginsuccesful -->
        <test-method is-config="true" signature="log_out()[pri:0, instance:Amazon_pacakge.Amazon_project.Test_1_Createnewuser@158da8e]" started-at="2025-06-24T19:48:15 IST" name="log_out" finished-at="2025-06-24T19:48:16 IST" duration-ms="987" status="PASS">
          <reporter-output>
            <line>
              <![CDATA[Successfully close]]>
            </line>
          </reporter-output>
        </test-method> <!-- log_out -->
      </class> <!-- Amazon_pacakge.Amazon_project.Test_1_Createnewuser -->
      <class name="Amazon_pacakge.Amazon_project.Tase_9_Addtocart">
        <test-method is-config="true" signature="login_in()[pri:0, instance:Amazon_pacakge.Amazon_project.Tase_9_Addtocart@564fabc8]" started-at="2025-06-24T19:49:33 IST" name="login_in" finished-at="2025-06-24T19:49:41 IST" duration-ms="8579" status="PASS">
          <reporter-output>
            <line>
              <![CDATA[Successfully done to account]]>
            </line>
          </reporter-output>
        </test-method> <!-- login_in -->
        <test-method signature="addtocart(java.lang.String,java.lang.String)[pri:0, instance:Amazon_pacakge.Amazon_project.Tase_9_Addtocart@564fabc8]" started-at="2025-06-24T19:49:41 IST" name="addtocart" data-provider="data" finished-at="2025-06-24T19:50:00 IST" duration-ms="18688" status="PASS">
          <params>
            <param index="0">
              <value>
                <![CDATA[7066328484]]>
              </value>
            </param>
            <param index="1">
              <value>
                <![CDATA[kalyani@90]]>
              </value>
            </param>
          </params>
          <reporter-output>
            <line>
              <![CDATA[successful done step 3]]>
            </line>
            <line>
              <![CDATA[Successful signin1]]>
            </line>
            <line>
              <![CDATA[Enter the username]]>
            </line>
            <line>
              <![CDATA[Cliking continue]]>
            </line>
            <line>
              <![CDATA[Enter the username]]>
            </line>
            <line>
              <![CDATA[Successful login in]]>
            </line>
          </reporter-output>
        </test-method> <!-- addtocart -->
        <test-method is-config="true" signature="log_out()[pri:0, instance:Amazon_pacakge.Amazon_project.Tase_9_Addtocart@564fabc8]" started-at="2025-06-24T19:50:00 IST" name="log_out" finished-at="2025-06-24T19:50:01 IST" duration-ms="242" status="PASS">
          <reporter-output>
            <line>
              <![CDATA[Successfully close]]>
            </line>
          </reporter-output>
        </test-method> <!-- log_out -->
      </class> <!-- Amazon_pacakge.Amazon_project.Tase_9_Addtocart -->
    </test> <!-- Test -->
  </suite> <!-- Suite -->
</testng-results>
