<?xml version="1.0" encoding="UTF-8"?>
<testng-results retried="1" ignored="0" total="10" passed="9" failed="0" skipped="0">
  <reporter-output>
    <line>
      <![CDATA[Successfully done to account]]>
    </line>
    <line>
      <![CDATA[successful done step 3]]>
    </line>
    <line>
      <![CDATA[signin new user]]>
    </line>
    <line>
      <![CDATA[Enter the username]]>
    </line>
    <line>
      <![CDATA[Cliking continue]]>
    </line>
    <line>
      <![CDATA[Successful signin1]]>
    </line>
    <line>
      <![CDATA[Successful signin1]]>
    </line>
    <line>
      <![CDATA[Successful signin1]]>
    </line>
    <line>
      <![CDATA[Successfully close]]>
    </line>
    <line>
      <![CDATA[Successfully done to account]]>
    </line>
    <line>
      <![CDATA[successful done step 3]]>
    </line>
    <line>
      <![CDATA[Successful signin1]]>
    </line>
    <line>
      <![CDATA[Enter the username]]>
    </line>
    <line>
      <![CDATA[Cliking continue]]>
    </line>
    <line>
      <![CDATA[Successfully close]]>
    </line>
    <line>
      <![CDATA[Successfully done to account]]>
    </line>
    <line>
      <![CDATA[successful done step 3]]>
    </line>
    <line>
      <![CDATA[Successful signin1]]>
    </line>
    <line>
      <![CDATA[Enter the username]]>
    </line>
    <line>
      <![CDATA[Cliking continue]]>
    </line>
    <line>
      <![CDATA[Enter the username]]>
    </line>
    <line>
      <![CDATA[Successful login in]]>
    </line>
    <line>
      <![CDATA[Successfully close]]>
    </line>
    <line>
      <![CDATA[Successfully done to account]]>
    </line>
    <line>
      <![CDATA[successful done step 3]]>
    </line>
    <line>
      <![CDATA[Successful signin1]]>
    </line>
    <line>
      <![CDATA[Cliking continue]]>
    </line>
    <line>
      <![CDATA[Successfully close]]>
    </line>
    <line>
      <![CDATA[Successfully done to account]]>
    </line>
    <line>
      <![CDATA[successful done step 3]]>
    </line>
    <line>
      <![CDATA[Enter the username]]>
    </line>
    <line>
      <![CDATA[Cliking continue]]>
    </line>
    <line>
      <![CDATA[Enter the username]]>
    </line>
    <line>
      <![CDATA[Successful login in]]>
    </line>
    <line>
      <![CDATA[click on editing]]>
    </line>
    <line>
      <![CDATA[Successfully editing]]>
    </line>
    <line>
      <![CDATA[save changes]]>
    </line>
    <line>
      <![CDATA[Successfully close]]>
    </line>
    <line>
      <![CDATA[Successfully done to account]]>
    </line>
    <line>
      <![CDATA[successful done step 3]]>
    </line>
    <line>
      <![CDATA[Successful signin1]]>
    </line>
    <line>
      <![CDATA[Enter the username]]>
    </line>
    <line>
      <![CDATA[Cliking continue]]>
    </line>
    <line>
      <![CDATA[Entering password]]>
    </line>
    <line>
      <![CDATA[Successful login in]]>
    </line>
    <line>
      <![CDATA[Successfully close]]>
    </line>
    <line>
      <![CDATA[Successfully done to account]]>
    </line>
    <line>
      <![CDATA[successful done step 3]]>
    </line>
    <line>
      <![CDATA[Successful signin1]]>
    </line>
    <line>
      <![CDATA[Enter the username]]>
    </line>
    <line>
      <![CDATA[Cliking continue]]>
    </line>
    <line>
      <![CDATA[Enter the username]]>
    </line>
    <line>
      <![CDATA[Successful login in]]>
    </line>
    <line>
      <![CDATA[Successfully close]]>
    </line>
    <line>
      <![CDATA[Successfully done to account]]>
    </line>
    <line>
      <![CDATA[successful done step 3]]>
    </line>
    <line>
      <![CDATA[Successful signin1]]>
    </line>
    <line>
      <![CDATA[Enter the username]]>
    </line>
    <line>
      <![CDATA[Cliking continue]]>
    </line>
    <line>
      <![CDATA[Enter the username]]>
    </line>
    <line>
      <![CDATA[Successful login in]]>
    </line>
    <line>
      <![CDATA[Successfully close]]>
    </line>
    <line>
      <![CDATA[Successfully done to account]]>
    </line>
    <line>
      <![CDATA[successful done step 3]]>
    </line>
    <line>
      <![CDATA[Successful signin1]]>
    </line>
    <line>
      <![CDATA[Enter the username]]>
    </line>
    <line>
      <![CDATA[Cliking continue]]>
    </line>
    <line>
      <![CDATA[Enter the username]]>
    </line>
    <line>
      <![CDATA[Successful login in]]>
    </line>
    <line>
      <![CDATA[Successfully close]]>
    </line>
    <line>
      <![CDATA[Successfully done to account]]>
    </line>
    <line>
      <![CDATA[Successfully close]]>
    </line>
  </reporter-output>
  <suite started-at="2025-06-24T17:39:26 IST" name="Suite" finished-at="2025-06-24T17:42:35 IST" duration-ms="189416">
    <groups>
    </groups>
    <test started-at="2025-06-24T17:39:26 IST" name="Test" finished-at="2025-06-24T17:42:35 IST" duration-ms="189416">
      <class name="Amazon_pacakge.Amazon_project.Test_15_addtocartwithoutlogin">
        <test-method is-config="true" signature="login_in()[pri:0, instance:Amazon_pacakge.Amazon_project.Test_15_addtocartwithoutlogin@e1de817]" started-at="2025-06-24T17:42:19 IST" name="login_in" finished-at="2025-06-24T17:42:26 IST" duration-ms="6910" status="PASS">
          <reporter-output>
            <line>
              <![CDATA[Successfully done to account]]>
            </line>
          </reporter-output>
        </test-method> <!-- login_in -->
        <test-method signature="addtocartnologin()[pri:0, instance:Amazon_pacakge.Amazon_project.Test_15_addtocartwithoutlogin@e1de817]" started-at="2025-06-24T17:42:26 IST" name="addtocartnologin" finished-at="2025-06-24T17:42:35 IST" duration-ms="8633" status="PASS">
          <reporter-output>
          </reporter-output>
        </test-method> <!-- addtocartnologin -->
        <test-method is-config="true" signature="log_out()[pri:0, instance:Amazon_pacakge.Amazon_project.Test_15_addtocartwithoutlogin@e1de817]" started-at="2025-06-24T17:42:35 IST" name="log_out" finished-at="2025-06-24T17:42:35 IST" duration-ms="198" status="PASS">
          <reporter-output>
            <line>
              <![CDATA[Successfully close]]>
            </line>
          </reporter-output>
        </test-method> <!-- log_out -->
      </class> <!-- Amazon_pacakge.Amazon_project.Test_15_addtocartwithoutlogin -->
      <class name="Amazon_pacakge.Amazon_project.Test_3_Invalidetails">
        <test-method is-config="true" signature="login_in()[pri:0, instance:Amazon_pacakge.Amazon_project.Test_3_Invalidetails@4e268090]" started-at="2025-06-24T17:40:09 IST" name="login_in" finished-at="2025-06-24T17:40:16 IST" duration-ms="6490" status="PASS">
          <reporter-output>
            <line>
              <![CDATA[Successfully done to account]]>
            </line>
          </reporter-output>
        </test-method> <!-- login_in -->
        <test-method signature="wrongdetails()[pri:0, instance:Amazon_pacakge.Amazon_project.Test_3_Invalidetails@4e268090]" started-at="2025-06-24T17:40:16 IST" name="wrongdetails" finished-at="2025-06-24T17:40:21 IST" duration-ms="4877" status="PASS">
          <reporter-output>
            <line>
              <![CDATA[successful done step 3]]>
            </line>
            <line>
              <![CDATA[Successful signin1]]>
            </line>
            <line>
              <![CDATA[Cliking continue]]>
            </line>
          </reporter-output>
        </test-method> <!-- wrongdetails -->
        <test-method is-config="true" signature="log_out()[pri:0, instance:Amazon_pacakge.Amazon_project.Test_3_Invalidetails@4e268090]" started-at="2025-06-24T17:40:21 IST" name="log_out" finished-at="2025-06-24T17:40:21 IST" duration-ms="227" status="PASS">
          <reporter-output>
            <line>
              <![CDATA[Successfully close]]>
            </line>
          </reporter-output>
        </test-method> <!-- log_out -->
      </class> <!-- Amazon_pacakge.Amazon_project.Test_3_Invalidetails -->
      <class name="Amazon_pacakge.Amazon_project.Test_2_Loginwithvaliddetails">
        <test-method is-config="true" signature="login_in()[pri:0, instance:Amazon_pacakge.Amazon_project.Test_2_Loginwithvaliddetails@37858383]" started-at="2025-06-24T17:39:45 IST" name="login_in" finished-at="2025-06-24T17:39:51 IST" duration-ms="6856" status="PASS">
          <reporter-output>
            <line>
              <![CDATA[Successfully done to account]]>
            </line>
          </reporter-output>
        </test-method> <!-- login_in -->
        <test-method retried="true" signature="sucsessfulloginwithrightdetails(java.lang.String,java.lang.String)[pri:0, instance:Amazon_pacakge.Amazon_project.Test_2_Loginwithvaliddetails@37858383]" started-at="2025-06-24T17:39:51 IST" name="sucsessfulloginwithrightdetails" data-provider="data" finished-at="2025-06-24T17:39:56 IST" duration-ms="4278" status="SKIP">
          <params>
            <param index="0">
              <value>
                <![CDATA[7066328484]]>
              </value>
            </param>
            <param index="1">
              <value>
                <![CDATA[kalyani@90]]>
              </value>
            </param>
          </params>
          <exception class="java.lang.AssertionError">
            <message>
              <![CDATA[expected [false] but found [true]]]>
            </message>
            <full-stacktrace>
              <![CDATA[java.lang.AssertionError: expected [false] but found [true]
at org.testng.Assert.fail(Assert.java:111)
at org.testng.Assert.failNotEquals(Assert.java:1590)
at org.testng.Assert.assertEqualsImpl(Assert.java:150)
at org.testng.Assert.assertEquals(Assert.java:132)
at org.testng.Assert.assertEquals(Assert.java:1079)
at org.testng.Assert.assertEquals(Assert.java:1043)
at org.testng.Assert.assertEquals(Assert.java:1089)
at Amazon_pacakge.Amazon_project.Homepage.continebtn(Homepage.java:62)
at Amazon_pacakge.Amazon_project.Test_2_Loginwithvaliddetails.sucsessfulloginwithrightdetails(Test_2_Loginwithvaliddetails.java:43)
at java.base/jdk.internal.reflect.NativeMethodAccessorImpl.invoke0(Native Method)
at java.base/jdk.internal.reflect.NativeMethodAccessorImpl.invoke(NativeMethodAccessorImpl.java:77)
at java.base/jdk.internal.reflect.DelegatingMethodAccessorImpl.invoke(DelegatingMethodAccessorImpl.java:43)
at java.base/java.lang.reflect.Method.invoke(Method.java:568)
at org.testng.internal.invokers.MethodInvocationHelper.invokeMethod(MethodInvocationHelper.java:141)
at org.testng.internal.invokers.TestInvoker.invokeMethod(TestInvoker.java:687)
at org.testng.internal.invokers.TestInvoker.invokeTestMethod(TestInvoker.java:230)
at org.testng.internal.invokers.MethodRunner.runInSequence(MethodRunner.java:63)
at org.testng.internal.invokers.TestInvoker$MethodInvocationAgent.invoke(TestInvoker.java:995)
at org.testng.internal.invokers.TestInvoker.invokeTestMethods(TestInvoker.java:203)
at org.testng.internal.invokers.TestMethodWorker.invokeTestMethods(TestMethodWorker.java:154)
at org.testng.internal.invokers.TestMethodWorker.run(TestMethodWorker.java:134)
at java.base/java.util.ArrayList.forEach(ArrayList.java:1511)
at org.testng.TestRunner.privateRun(TestRunner.java:741)
at org.testng.TestRunner.run(TestRunner.java:616)
at org.testng.SuiteRunner.runTest(SuiteRunner.java:421)
at org.testng.SuiteRunner.runSequentially(SuiteRunner.java:413)
at org.testng.SuiteRunner.privateRun(SuiteRunner.java:373)
at org.testng.SuiteRunner.run(SuiteRunner.java:312)
at org.testng.SuiteRunnerWorker.runSuite(SuiteRunnerWorker.java:52)
at org.testng.SuiteRunnerWorker.run(SuiteRunnerWorker.java:95)
at org.testng.TestNG.runSuitesSequentially(TestNG.java:1274)
at org.testng.TestNG.runSuitesLocally(TestNG.java:1208)
at org.testng.TestNG.runSuites(TestNG.java:1112)
at org.testng.TestNG.run(TestNG.java:1079)
at org.testng.remote.AbstractRemoteTestNG.run(AbstractRemoteTestNG.java:115)
at org.testng.remote.RemoteTestNG.initAndRun(RemoteTestNG.java:293)
at org.testng.remote.RemoteTestNG.main(RemoteTestNG.java:91)
]]>
            </full-stacktrace>
          </exception> <!-- java.lang.AssertionError -->
          <reporter-output>
            <line>
              <![CDATA[successful done step 3]]>
            </line>
            <line>
              <![CDATA[Successful signin1]]>
            </line>
            <line>
              <![CDATA[Enter the username]]>
            </line>
            <line>
              <![CDATA[Cliking continue]]>
            </line>
          </reporter-output>
        </test-method> <!-- sucsessfulloginwithrightdetails -->
        <test-method is-config="true" signature="log_out()[pri:0, instance:Amazon_pacakge.Amazon_project.Test_2_Loginwithvaliddetails@37858383]" started-at="2025-06-24T17:39:56 IST" name="log_out" finished-at="2025-06-24T17:39:56 IST" duration-ms="176" status="PASS">
          <reporter-output>
            <line>
              <![CDATA[Successfully close]]>
            </line>
          </reporter-output>
        </test-method> <!-- log_out -->
        <test-method is-config="true" signature="login_in()[pri:0, instance:Amazon_pacakge.Amazon_project.Test_2_Loginwithvaliddetails@37858383]" started-at="2025-06-24T17:39:56 IST" name="login_in" finished-at="2025-06-24T17:40:03 IST" duration-ms="6963" status="PASS">
          <reporter-output>
            <line>
              <![CDATA[Successfully done to account]]>
            </line>
          </reporter-output>
        </test-method> <!-- login_in -->
        <test-method signature="sucsessfulloginwithrightdetails(java.lang.String,java.lang.String)[pri:0, instance:Amazon_pacakge.Amazon_project.Test_2_Loginwithvaliddetails@37858383]" started-at="2025-06-24T17:40:03 IST" name="sucsessfulloginwithrightdetails" data-provider="data" finished-at="2025-06-24T17:40:09 IST" duration-ms="5762" status="PASS">
          <params>
            <param index="0">
              <value>
                <![CDATA[7066328484]]>
              </value>
            </param>
            <param index="1">
              <value>
                <![CDATA[kalyani@90]]>
              </value>
            </param>
          </params>
          <reporter-output>
            <line>
              <![CDATA[successful done step 3]]>
            </line>
            <line>
              <![CDATA[Successful signin1]]>
            </line>
            <line>
              <![CDATA[Enter the username]]>
            </line>
            <line>
              <![CDATA[Cliking continue]]>
            </line>
            <line>
              <![CDATA[Enter the username]]>
            </line>
            <line>
              <![CDATA[Successful login in]]>
            </line>
          </reporter-output>
        </test-method> <!-- sucsessfulloginwithrightdetails -->
        <test-method is-config="true" signature="log_out()[pri:0, instance:Amazon_pacakge.Amazon_project.Test_2_Loginwithvaliddetails@37858383]" started-at="2025-06-24T17:40:09 IST" name="log_out" finished-at="2025-06-24T17:40:09 IST" duration-ms="548" status="PASS">
          <reporter-output>
            <line>
              <![CDATA[Successfully close]]>
            </line>
          </reporter-output>
        </test-method> <!-- log_out -->
      </class> <!-- Amazon_pacakge.Amazon_project.Test_2_Loginwithvaliddetails -->
      <class name="Amazon_pacakge.Amazon_project.Test_11_addpayment">
        <test-method is-config="true" signature="login_in()[pri:0, instance:Amazon_pacakge.Amazon_project.Test_11_addpayment@5939a379]" started-at="2025-06-24T17:41:54 IST" name="login_in" finished-at="2025-06-24T17:42:00 IST" duration-ms="6381" status="PASS">
          <reporter-output>
            <line>
              <![CDATA[Successfully done to account]]>
            </line>
          </reporter-output>
        </test-method> <!-- login_in -->
        <test-method signature="addpayment(java.lang.String,java.lang.String)[pri:0, instance:Amazon_pacakge.Amazon_project.Test_11_addpayment@5939a379]" started-at="2025-06-24T17:42:00 IST" name="addpayment" data-provider="data" finished-at="2025-06-24T17:42:19 IST" duration-ms="19118" status="PASS">
          <params>
            <param index="0">
              <value>
                <![CDATA[7066328484]]>
              </value>
            </param>
            <param index="1">
              <value>
                <![CDATA[kalyani@90]]>
              </value>
            </param>
          </params>
          <reporter-output>
            <line>
              <![CDATA[successful done step 3]]>
            </line>
            <line>
              <![CDATA[Successful signin1]]>
            </line>
            <line>
              <![CDATA[Enter the username]]>
            </line>
            <line>
              <![CDATA[Cliking continue]]>
            </line>
            <line>
              <![CDATA[Enter the username]]>
            </line>
            <line>
              <![CDATA[Successful login in]]>
            </line>
          </reporter-output>
        </test-method> <!-- addpayment -->
        <test-method is-config="true" signature="log_out()[pri:0, instance:Amazon_pacakge.Amazon_project.Test_11_addpayment@5939a379]" started-at="2025-06-24T17:42:19 IST" name="log_out" finished-at="2025-06-24T17:42:19 IST" duration-ms="166" status="PASS">
          <reporter-output>
            <line>
              <![CDATA[Successfully close]]>
            </line>
          </reporter-output>
        </test-method> <!-- log_out -->
      </class> <!-- Amazon_pacakge.Amazon_project.Test_11_addpayment -->
      <class name="Amazon_pacakge.Amazon_project.Test_5_Execution_searchingproduct">
        <test-method is-config="true" signature="login_in()[pri:0, instance:Amazon_pacakge.Amazon_project.Test_5_Execution_searchingproduct@306cf3ea]" started-at="2025-06-24T17:40:41 IST" name="login_in" finished-at="2025-06-24T17:40:48 IST" duration-ms="7066" status="PASS">
          <reporter-output>
            <line>
              <![CDATA[Successfully done to account]]>
            </line>
          </reporter-output>
        </test-method> <!-- login_in -->
        <test-method signature="addtocart()[pri:0, instance:Amazon_pacakge.Amazon_project.Test_5_Execution_searchingproduct@306cf3ea]" started-at="2025-06-24T17:40:48 IST" name="addtocart" finished-at="2025-06-24T17:41:02 IST" duration-ms="13657" status="PASS">
          <reporter-output>
            <line>
              <![CDATA[successful done step 3]]>
            </line>
            <line>
              <![CDATA[Successful signin1]]>
            </line>
            <line>
              <![CDATA[Enter the username]]>
            </line>
            <line>
              <![CDATA[Cliking continue]]>
            </line>
            <line>
              <![CDATA[Entering password]]>
            </line>
            <line>
              <![CDATA[Successful login in]]>
            </line>
          </reporter-output>
        </test-method> <!-- addtocart -->
        <test-method is-config="true" signature="log_out()[pri:0, instance:Amazon_pacakge.Amazon_project.Test_5_Execution_searchingproduct@306cf3ea]" started-at="2025-06-24T17:41:03 IST" name="log_out" finished-at="2025-06-24T17:41:03 IST" duration-ms="233" status="PASS">
          <reporter-output>
            <line>
              <![CDATA[Successfully close]]>
            </line>
          </reporter-output>
        </test-method> <!-- log_out -->
      </class> <!-- Amazon_pacakge.Amazon_project.Test_5_Execution_searchingproduct -->
      <class name="Amazon_pacakge.Amazon_project.Test_4_Execution_Editprofile">
        <test-method is-config="true" signature="login_in()[pri:0, instance:Amazon_pacakge.Amazon_project.Test_4_Execution_Editprofile@1bb266b3]" started-at="2025-06-24T17:40:21 IST" name="login_in" finished-at="2025-06-24T17:40:28 IST" duration-ms="6892" status="PASS">
          <reporter-output>
            <line>
              <![CDATA[Successfully done to account]]>
            </line>
          </reporter-output>
        </test-method> <!-- login_in -->
        <test-method signature="editprofile(java.lang.String,java.lang.String)[pri:0, instance:Amazon_pacakge.Amazon_project.Test_4_Execution_Editprofile@1bb266b3]" started-at="2025-06-24T17:40:28 IST" name="editprofile" data-provider="data" finished-at="2025-06-24T17:40:41 IST" duration-ms="12709" status="PASS">
          <params>
            <param index="0">
              <value>
                <![CDATA[7066328484]]>
              </value>
            </param>
            <param index="1">
              <value>
                <![CDATA[kalyani@90]]>
              </value>
            </param>
          </params>
          <reporter-output>
            <line>
              <![CDATA[successful done step 3]]>
            </line>
            <line>
              <![CDATA[Enter the username]]>
            </line>
            <line>
              <![CDATA[Cliking continue]]>
            </line>
            <line>
              <![CDATA[Enter the username]]>
            </line>
            <line>
              <![CDATA[Successful login in]]>
            </line>
            <line>
              <![CDATA[click on editing]]>
            </line>
            <line>
              <![CDATA[Successfully editing]]>
            </line>
            <line>
              <![CDATA[save changes]]>
            </line>
          </reporter-output>
        </test-method> <!-- editprofile -->
        <test-method is-config="true" signature="log_out()[pri:0, instance:Amazon_pacakge.Amazon_project.Test_4_Execution_Editprofile@1bb266b3]" started-at="2025-06-24T17:40:41 IST" name="log_out" finished-at="2025-06-24T17:40:41 IST" duration-ms="171" status="PASS">
          <reporter-output>
            <line>
              <![CDATA[Successfully close]]>
            </line>
          </reporter-output>
        </test-method> <!-- log_out -->
      </class> <!-- Amazon_pacakge.Amazon_project.Test_4_Execution_Editprofile -->
      <class name="Amazon_pacakge.Amazon_project.Test_10_Updatequantity">
        <test-method is-config="true" signature="login_in()[pri:0, instance:Amazon_pacakge.Amazon_project.Test_10_Updatequantity@5136d012]" started-at="2025-06-24T17:41:27 IST" name="login_in" finished-at="2025-06-24T17:41:34 IST" duration-ms="6497" status="PASS">
          <reporter-output>
            <line>
              <![CDATA[Successfully done to account]]>
            </line>
          </reporter-output>
        </test-method> <!-- login_in -->
        <test-method signature="addtocart(java.lang.String,java.lang.String)[pri:0, instance:Amazon_pacakge.Amazon_project.Test_10_Updatequantity@5136d012]" started-at="2025-06-24T17:41:34 IST" name="addtocart" data-provider="data" finished-at="2025-06-24T17:41:53 IST" duration-ms="19244" status="PASS">
          <params>
            <param index="0">
              <value>
                <![CDATA[7066328484]]>
              </value>
            </param>
            <param index="1">
              <value>
                <![CDATA[kalyani@90]]>
              </value>
            </param>
          </params>
          <reporter-output>
            <line>
              <![CDATA[successful done step 3]]>
            </line>
            <line>
              <![CDATA[Successful signin1]]>
            </line>
            <line>
              <![CDATA[Enter the username]]>
            </line>
            <line>
              <![CDATA[Cliking continue]]>
            </line>
            <line>
              <![CDATA[Enter the username]]>
            </line>
            <line>
              <![CDATA[Successful login in]]>
            </line>
          </reporter-output>
        </test-method> <!-- addtocart -->
        <test-method is-config="true" signature="log_out()[pri:0, instance:Amazon_pacakge.Amazon_project.Test_10_Updatequantity@5136d012]" started-at="2025-06-24T17:41:53 IST" name="log_out" finished-at="2025-06-24T17:41:53 IST" duration-ms="207" status="PASS">
          <reporter-output>
            <line>
              <![CDATA[Successfully close]]>
            </line>
          </reporter-output>
        </test-method> <!-- log_out -->
      </class> <!-- Amazon_pacakge.Amazon_project.Test_10_Updatequantity -->
      <class name="Amazon_pacakge.Amazon_project.Test_1_Createnewuser">
        <test-method is-config="true" signature="login_in()[pri:0, instance:Amazon_pacakge.Amazon_project.Test_1_Createnewuser@2f54a33d]" started-at="2025-06-24T17:39:26 IST" name="login_in" finished-at="2025-06-24T17:39:34 IST" duration-ms="8550" status="PASS">
          <reporter-output>
            <line>
              <![CDATA[Successfully done to account]]>
            </line>
          </reporter-output>
        </test-method> <!-- login_in -->
        <test-method signature="loginsuccesful()[pri:0, instance:Amazon_pacakge.Amazon_project.Test_1_Createnewuser@2f54a33d]" started-at="2025-06-24T17:39:34 IST" name="loginsuccesful" finished-at="2025-06-24T17:39:43 IST" duration-ms="8154" status="PASS">
          <reporter-output>
            <line>
              <![CDATA[successful done step 3]]>
            </line>
            <line>
              <![CDATA[signin new user]]>
            </line>
            <line>
              <![CDATA[Enter the username]]>
            </line>
            <line>
              <![CDATA[Cliking continue]]>
            </line>
            <line>
              <![CDATA[Successful signin1]]>
            </line>
            <line>
              <![CDATA[Successful signin1]]>
            </line>
            <line>
              <![CDATA[Successful signin1]]>
            </line>
          </reporter-output>
        </test-method> <!-- loginsuccesful -->
        <test-method is-config="true" signature="log_out()[pri:0, instance:Amazon_pacakge.Amazon_project.Test_1_Createnewuser@2f54a33d]" started-at="2025-06-24T17:39:43 IST" name="log_out" finished-at="2025-06-24T17:39:43 IST" duration-ms="613" status="PASS">
          <reporter-output>
            <line>
              <![CDATA[Successfully close]]>
            </line>
          </reporter-output>
        </test-method> <!-- log_out -->
      </class> <!-- Amazon_pacakge.Amazon_project.Test_1_Createnewuser -->
      <class name="Amazon_pacakge.Amazon_project.Tase_9_Addtocart">
        <test-method is-config="true" signature="login_in()[pri:0, instance:Amazon_pacakge.Amazon_project.Tase_9_Addtocart@2beee7ff]" started-at="2025-06-24T17:41:03 IST" name="login_in" finished-at="2025-06-24T17:41:10 IST" duration-ms="7160" status="PASS">
          <reporter-output>
            <line>
              <![CDATA[Successfully done to account]]>
            </line>
          </reporter-output>
        </test-method> <!-- login_in -->
        <test-method signature="addtocart(java.lang.String,java.lang.String)[pri:0, instance:Amazon_pacakge.Amazon_project.Tase_9_Addtocart@2beee7ff]" started-at="2025-06-24T17:41:10 IST" name="addtocart" data-provider="data" finished-at="2025-06-24T17:41:27 IST" duration-ms="16445" status="PASS">
          <params>
            <param index="0">
              <value>
                <![CDATA[7066328484]]>
              </value>
            </param>
            <param index="1">
              <value>
                <![CDATA[kalyani@90]]>
              </value>
            </param>
          </params>
          <reporter-output>
            <line>
              <![CDATA[successful done step 3]]>
            </line>
            <line>
              <![CDATA[Successful signin1]]>
            </line>
            <line>
              <![CDATA[Enter the username]]>
            </line>
            <line>
              <![CDATA[Cliking continue]]>
            </line>
            <line>
              <![CDATA[Enter the username]]>
            </line>
            <line>
              <![CDATA[Successful login in]]>
            </line>
          </reporter-output>
        </test-method> <!-- addtocart -->
        <test-method is-config="true" signature="log_out()[pri:0, instance:Amazon_pacakge.Amazon_project.Tase_9_Addtocart@2beee7ff]" started-at="2025-06-24T17:41:27 IST" name="log_out" finished-at="2025-06-24T17:41:27 IST" duration-ms="198" status="PASS">
          <reporter-output>
            <line>
              <![CDATA[Successfully close]]>
            </line>
          </reporter-output>
        </test-method> <!-- log_out -->
      </class> <!-- Amazon_pacakge.Amazon_project.Tase_9_Addtocart -->
    </test> <!-- Test -->
  </suite> <!-- Suite -->
</testng-results>
